Using pre-set license
Built from '2021.1/release' branch; Version is '2021.1.4f1 (4cd64a618c1b) revision 5035594'; Using compiler version '192528614'; Build Type 'Release'
OS: 'Windows 10 Home; OS build 22621.819; Version 2009; 64bit' Language: 'en' Physical Memory: 20396 MB
BatchMode: 1, IsHumanControllingUs: 0, StartBugReporterOnCrash: 0, Is64bit: 1, IsPro: 0

 COMMAND LINE ARGUMENTS:
E:\2021.1.4f1\Editor\Unity.exe
-adb2
-batchMode
-noUpm
-name
AssetImportWorker0
-projectPath
C:/Users/Gamer/Desktop/JumpMasterFun
-logFile
Logs/AssetImportWorker0.log
-srvPort
62319
Successfully changed project path to: C:/Users/Gamer/Desktop/JumpMasterFun
C:/Users/Gamer/Desktop/JumpMasterFun
Using Asset Import Pipeline V2.
Refreshing native plugins compatible for Editor in 39.50 ms, found 0 plugins.
Preloading 0 native plugins for Editor in 0.00 ms.
Initialize engine version: 2021.1.4f1 (4cd64a618c1b)
[Subsystems] Discovering subsystems at path E:/2021.1.4f1/Editor/Data/Resources/UnitySubsystems
[Subsystems] Discovering subsystems at path C:/Users/Gamer/Desktop/JumpMasterFun/Assets
GfxDevice: creating device client; threaded=0; jobified=0
Direct3D:
    Version:  Direct3D 11.0 [level 11.1]
    Renderer: NVIDIA GeForce RTX 3070 (ID=0x2484)
    Vendor:   NVIDIA
    VRAM:     8031 MB
    Driver:   31.0.15.2647
Initialize mono
Mono path[0] = 'E:/2021.1.4f1/Editor/Data/Managed'
Mono path[1] = 'E:/2021.1.4f1/Editor/Data/MonoBleedingEdge/lib/mono/unityjit'
Mono config path = 'E:/2021.1.4f1/Editor/Data/MonoBleedingEdge/etc'
Using monoOptions --debugger-agent=transport=dt_socket,embedding=1,server=y,suspend=n,address=127.0.0.1:56208
Begin MonoManager ReloadAssembly
Registering precompiled unity dll's ...
Register platform support module: E:/2021.1.4f1/Editor/Data/PlaybackEngines/WindowsStandaloneSupport/UnityEditor.WindowsStandalone.Extensions.dll
Registered in 0.001781 seconds.
Native extension for WindowsStandalone target not found
Refreshing native plugins compatible for Editor in 35.20 ms, found 0 plugins.
Preloading 0 native plugins for Editor in 0.00 ms.
Mono: successfully reloaded assembly
- Completed reload, in  1.021 seconds
Platform modules already initialized, skipping
Registering precompiled user dll's ...
Registered in 0.001823 seconds.
Begin MonoManager ReloadAssembly
Native extension for WindowsStandalone target not found
Refreshing native plugins compatible for Editor in 0.70 ms, found 0 plugins.
Preloading 0 native plugins for Editor in 0.00 ms.
Mono: successfully reloaded assembly
- Completed reload, in  1.155 seconds
Platform modules already initialized, skipping
========================================================================
Worker process is ready to serve import requests
Launched and connected shader compiler UnityShaderCompiler.exe after 0.03 seconds
Refreshing native plugins compatible for Editor in 0.43 ms, found 0 plugins.
Preloading 0 native plugins for Editor in 0.00 ms.
Unloading 1680 Unused Serialized files (Serialized files now loaded: 0)
System memory in use before: 73.8 MB.
System memory in use after: 73.8 MB.

Unloading 42 unused Assets to reduce memory usage. Loaded Objects now: 2116.
Total: 4.995900 ms (FindLiveObjects: 0.133100 ms CreateObjectMapping: 0.061500 ms MarkObjects: 4.734400 ms  DeleteObjects: 0.065400 ms)

========================================================================
Received Import Request.
  path: Assets/1731-naruto-sad-song.mp3
  artifactKey: Guid(38a2005d140463b4eb3ed9e8448f34ff) Importer(815301076,1909f56bfc062723c751e8b465ee728b)
Start importing Assets/1731-naruto-sad-song.mp3 using Guid(38a2005d140463b4eb3ed9e8448f34ff) Importer(815301076,1909f56bfc062723c751e8b465ee728b)  -> (artifact id: '87d130a5590df9b52009eba112ac4bb5') in 0.072910 seconds 
========================================================================
Received Import Request.
  Time since last request: 0.000168 seconds.
  path: Assets/movingPlaftform1.prefab
  artifactKey: Guid(7641102de101c584b916774e4416f695) Importer(815301076,1909f56bfc062723c751e8b465ee728b)
Start importing Assets/movingPlaftform1.prefab using Guid(7641102de101c584b916774e4416f695) Importer(815301076,1909f56bfc062723c751e8b465ee728b)  -> (artifact id: 'ca1aa6a14c758bb97422fb8c68922f5a') in 0.233245 seconds 
========================================================================
Received Import Request.
  Time since last request: 0.000143 seconds.
  path: Assets/starlyte-titan.mp3
  artifactKey: Guid(00a109d1cac00394bb05453020247b65) Importer(815301076,1909f56bfc062723c751e8b465ee728b)
Start importing Assets/starlyte-titan.mp3 using Guid(00a109d1cac00394bb05453020247b65) Importer(815301076,1909f56bfc062723c751e8b465ee728b)  -> (artifact id: '8c2953022d878fd996495593a381074e') in 0.008560 seconds 
========================================================================
Received Import Request.
  Time since last request: 0.000146 seconds.
  path: Assets/download.png
  artifactKey: Guid(69a2389c235231b4ca0b134bffba4a17) Importer(815301076,1909f56bfc062723c751e8b465ee728b)
Start importing Assets/download.png using Guid(69a2389c235231b4ca0b134bffba4a17) Importer(815301076,1909f56bfc062723c751e8b465ee728b)  -> (artifact id: '3bdb3ed917f2a33a7e7c913bde1ed559') in 0.030587 seconds 
========================================================================
Received Import Request.
  Time since last request: 0.000150 seconds.
  path: Assets/knights-templar-1-johannes-bornlof.mp3
  artifactKey: Guid(8f843b9257ebea34c9bf937bf32099c3) Importer(815301076,1909f56bfc062723c751e8b465ee728b)
Start importing Assets/knights-templar-1-johannes-bornlof.mp3 using Guid(8f843b9257ebea34c9bf937bf32099c3) Importer(815301076,1909f56bfc062723c751e8b465ee728b)  -> (artifact id: '9092f2124a37b2ac1283b01df6e853ac') in 0.008409 seconds 
========================================================================
Received Import Request.
  Time since last request: 0.000172 seconds.
  path: Assets/targon-5bdd84a7a9b78882df613c08723c0734.png
  artifactKey: Guid(54928d391dcf6904090916f3ad558fe3) Importer(815301076,1909f56bfc062723c751e8b465ee728b)
Start importing Assets/targon-5bdd84a7a9b78882df613c08723c0734.png using Guid(54928d391dcf6904090916f3ad558fe3) Importer(815301076,1909f56bfc062723c751e8b465ee728b)  -> (artifact id: '2510732a911da95a1e3b4e9e3708c437') in 0.015577 seconds 
========================================================================
Received Import Request.
  Time since last request: 0.000168 seconds.
  path: Assets/asgore-orchestra-cover-arrangement-undertale.mp3
  artifactKey: Guid(460434a1566d7434b9c1203385e68eb3) Importer(815301076,1909f56bfc062723c751e8b465ee728b)
Start importing Assets/asgore-orchestra-cover-arrangement-undertale.mp3 using Guid(460434a1566d7434b9c1203385e68eb3) Importer(815301076,1909f56bfc062723c751e8b465ee728b)  -> (artifact id: '70ce963274b220b6a57356c2f6fc2b18') in 0.008589 seconds 
========================================================================
Received Import Request.
  Time since last request: 0.000149 seconds.
  path: Assets/shooting-stars.mp3
  artifactKey: Guid(b04f28cd28af55b40907c1119b6056df) Importer(815301076,1909f56bfc062723c751e8b465ee728b)
Start importing Assets/shooting-stars.mp3 using Guid(b04f28cd28af55b40907c1119b6056df) Importer(815301076,1909f56bfc062723c751e8b465ee728b)  -> (artifact id: '86667b291cdd8049498d607e35306d15') in 0.009009 seconds 
========================================================================
Received Import Request.
  Time since last request: 24.579347 seconds.
  path: Assets/Scenes/Level3.unity
  artifactKey: Guid(6b9f12b150485cf48abb83d26be62ea9) Importer(815301076,1909f56bfc062723c751e8b465ee728b)
Start importing Assets/Scenes/Level3.unity using Guid(6b9f12b150485cf48abb83d26be62ea9) Importer(815301076,1909f56bfc062723c751e8b465ee728b)  -> (artifact id: '7ae584793ebddd734fd8e8af2b999546') in 0.004294 seconds 
========================================================================
Received Import Request.
  Time since last request: 1.968988 seconds.
  path: Assets/Scenes/Level2.unity
  artifactKey: Guid(4a78138755887c9459a46940220d1858) Importer(815301076,1909f56bfc062723c751e8b465ee728b)
Start importing Assets/Scenes/Level2.unity using Guid(4a78138755887c9459a46940220d1858) Importer(815301076,1909f56bfc062723c751e8b465ee728b)  -> (artifact id: 'f6340eab4af70b8c61caf7968ac69907') in 0.003864 seconds 
========================================================================
Received Prepare
Registering precompiled user dll's ...
Registered in 0.001464 seconds.
Begin MonoManager ReloadAssembly
Native extension for WindowsStandalone target not found
Refreshing native plugins compatible for Editor in 0.40 ms, found 0 plugins.
Preloading 0 native plugins for Editor in 0.00 ms.
Mono: successfully reloaded assembly
- Completed reload, in  0.721 seconds
Platform modules already initialized, skipping
Refreshing native plugins compatible for Editor in 0.45 ms, found 0 plugins.
Preloading 0 native plugins for Editor in 0.00 ms.
Unloading 1676 Unused Serialized files (Serialized files now loaded: 0)
System memory in use before: 79.2 MB.
System memory in use after: 79.3 MB.

Unloading 34 unused Assets to reduce memory usage. Loaded Objects now: 2162.
Total: 4.687000 ms (FindLiveObjects: 0.181300 ms CreateObjectMapping: 0.073500 ms MarkObjects: 4.403200 ms  DeleteObjects: 0.027500 ms)

AssetImportWorkerClient::OnTransportError - code=2 error=End of file
